Importer Log Report
Document: D:\Project\DAP-Cat-Programmer\hardware\SWD_Cat_Programmer.kicad_pcb
    Section : Analyze Document from - D:\Project\DAP-Cat-Programmer\hardware\SWD_Cat_Programmer.kicad_pcb
        Warning: Pad name is empty, autogenerated name 'Un1' assigned to pad pad.
        Warning: Pad name is empty, autogenerated name 'Un2' assigned to pad pad.
        Warning: Unknown child layers of zone.
        Error: Cannot construct segment from node 'zone' because layer is undefined.
    EndSection
    Section : Import Document - D:\Project\DAP-Cat-Programmer\hardware\Imported SWD_Cat_Programmer\SWD_Cat_Programmer(1).PcbDoc
        Section : Component J1 importing.
        EndSection
        Section : Component U1 importing.
        EndSection
        Section : Component G*** importing.
        EndSection
        Section : Component U2 importing.
        EndSection
        Section : Component JP1 importing.
            Warning: Custom pad '1' shape 'anchor rect' translated to 'eRectangular'
            Warning: Custom pad '3' shape 'anchor rect' translated to 'eRectangular'
        EndSection
        Section : Component R11 importing.
        EndSection
        Section : Component R10 importing.
        EndSection
        Section : Component R9 importing.
        EndSection
        Section : Component BOOT importing.
        EndSection
        Section : Component RST importing.
        EndSection
        Section : Component R6 importing.
        EndSection
        Section : Component P1 importing.
        EndSection
        Section : Component G*** importing.
        EndSection
        Section : Component G*** importing.
        EndSection
        Section : Component R7 importing.
        EndSection
        Section : Component R8 importing.
        EndSection
        Section : Component R5 importing.
        EndSection
        Section : Component R4 importing.
        EndSection
        Section : Component R3 importing.
        EndSection
        Section : Component R2 importing.
        EndSection
        Section : Component R1 importing.
        EndSection
        Section : Component ON importing.
        EndSection
        Section : Component TX importing.
        EndSection
        Section : Component C5 importing.
        EndSection
        Section : Component C4 importing.
        EndSection
        Section : Component C3 importing.
        EndSection
        Section : Component C2 importing.
        EndSection
        Section : Component C1 importing.
        EndSection
    EndSection
